Information: Updating design information... (UID-85)
Warning: Design 'MyDesign' contains 1 high-fanout nets. A fanout number of 1000 will be used for delay calculations involving these nets. (TIM-134)
 
****************************************
Report : timing
        -path full
        -delay max
        -max_paths 1
Design : MyDesign
Version: T-2022.03-SP4
Date   : Sun Apr  7 05:13:34 2024
****************************************

 # A fanout number of 1000 was used for high fanout net computations.

Operating Conditions: slow   Library: NangateOpenCellLibrary_PDKv1_2_v2008_10_slow_nldm
Wire Load Model Mode: top

  Startpoint: a_a4_reg[59]
              (rising edge-triggered flip-flop clocked by clk)
  Endpoint: q_state_output_sram_write_data_r_reg[111]
            (rising edge-triggered flip-flop clocked by clk)
  Path Group: clk
  Path Type: max

  Point                                                   Incr       Path
  --------------------------------------------------------------------------
  clock clk (rise edge)                                 0.0000     0.0000
  clock network delay (ideal)                           0.0000     0.0000
  a_a4_reg[59]/CK (DFF_X1)                              0.0000 #   0.0000 r
  a_a4_reg[59]/Q (DFF_X1)                               0.5786     0.5786 f
  U68326/ZN (NOR2_X1)                                   0.2465     0.8250 r
  U68389/ZN (OAI21_X1)                                  0.1084     0.9334 f
  U68390/ZN (AOI21_X1)                                  0.3788     1.3122 r
  U68395/ZN (OAI21_X1)                                  0.1240     1.4362 f
  U68396/ZN (AOI21_X1)                                  0.3749     1.8111 r
  U68397/ZN (OAI21_X1)                                  0.1788     1.9899 f
  U13987/ZN (INV_X2)                                    0.0763     2.0662 r
  U68398/ZN (OAI21_X1)                                  0.1024     2.1686 f
  U13983/ZN (INV_X2)                                    0.0934     2.2620 r
  U16707/ZN (INV_X4)                                    0.0624     2.3244 f
  U16709/ZN (INV_X4)                                    0.3008     2.6251 r
  U13955/ZN (OR2_X1)                                    0.2065     2.8316 r
  U13941/ZN (NAND2_X1)                                  0.1357     2.9673 f
  U13920/ZN (OR2_X1)                                    0.2775     3.2448 f
  U68452/ZN (NOR2_X1)                                   0.3317     3.5765 r
  U68457/ZN (OAI21_X1)                                  0.1442     3.7207 f
  U17363/ZN (INV_X1)                                    0.1542     3.8749 r
  U68776/Z (XOR2_X1)                                    0.8128     4.6877 r
  U13276/ZN (NAND2_X2)                                  0.2528     4.9404 f
  U13825/ZN (INV_X4)                                    0.1990     5.1394 r
  U68986/ZN (INV_X2)                                    0.1558     5.2952 f
  U68988/ZN (NAND2_X1)                                  0.1763     5.4715 r
  U68989/ZN (NAND2_X1)                                  0.0889     5.5604 f
  U13722/ZN (AND4_X1)                                   0.3428     5.9032 f
  U13696/ZN (AND4_X1)                                   0.2850     6.1882 f
  U69012/ZN (NAND2_X1)                                  0.1081     6.2962 r
  U69013/ZN (NAND2_X1)                                  0.0757     6.3720 f
  U13662/ZN (AND3_X1)                                   0.2242     6.5961 f
  U69049/ZN (NAND4_X1)                                  0.1476     6.7438 r
  U69050/ZN (OAI211_X1)                                 0.1968     6.9405 f
  U13618/ZN (INV_X1)                                    0.1239     7.0644 r
  U69051/ZN (NAND2_X1)                                  0.0945     7.1590 f
  U69052/ZN (NOR2_X1)                                   0.2921     7.4511 r
  U69053/ZN (NAND2_X1)                                  0.1257     7.5768 f
  U69173/ZN (OAI21_X1)                                  0.2438     7.8206 r
  U13608/ZN (INV_X1)                                    0.1066     7.9272 f
  U69805/ZN (OAI21_X1)                                  0.2983     8.2255 r
  U69807/ZN (XNOR2_X1)                                  0.4504     8.6759 r
  U13600/ZN (INV_X1)                                    0.1344     8.8103 f
  U69937/ZN (AOI221_X1)                                 0.6983     9.5086 r
  U69938/ZN (OAI21_X1)                                  0.1453     9.6540 f
  U69939/ZN (NAND2_X1)                                  0.1483     9.8022 r
  U69940/ZN (NAND2_X1)                                  0.0768     9.8791 f
  U69941/ZN (AOI21_X1)                                  0.2443    10.1233 r
  U14260/ZN (AOI221_X2)                                 0.1308    10.2541 f
  U13591/ZN (AOI221_X1)                                 0.3683    10.6225 r
  U13590/ZN (AOI221_X1)                                 0.1798    10.8023 f
  U69942/ZN (AOI221_X1)                                 0.3560    11.1583 r
  U69943/ZN (INV_X1)                                    0.0847    11.2430 f
  U69944/ZN (OAI221_X1)                                 0.2490    11.4920 r
  U69945/ZN (INV_X1)                                    0.1126    11.6047 f
  U13252/ZN (AOI221_X2)                                 0.2596    11.8642 r
  U69946/ZN (AOI221_X1)                                 0.1627    12.0269 f
  U69947/ZN (AOI221_X1)                                 0.3803    12.4072 r
  U69948/ZN (AOI221_X1)                                 0.1798    12.5870 f
  U69949/ZN (AOI221_X1)                                 0.3562    12.9433 r
  U69950/ZN (INV_X1)                                    0.0847    13.0280 f
  U69951/ZN (OAI221_X1)                                 0.2490    13.2770 r
  U69952/ZN (INV_X1)                                    0.0864    13.3634 f
  U69953/ZN (AOI221_X1)                                 0.3436    13.7070 r
  U69954/ZN (AOI221_X1)                                 0.1773    13.8843 f
  U69956/ZN (OAI21_X1)                                  0.2701    14.1544 r
  U69957/ZN (AOI21_X1)                                  0.1292    14.2836 f
  U69961/ZN (NAND2_X1)                                  0.1660    14.4496 r
  U13264/ZN (NAND3_X2)                                  0.1466    14.5962 f
  U13260/ZN (AND2_X4)                                   0.2635    14.8597 f
  U69995/ZN (INV_X4)                                    0.2991    15.1588 r
  U70607/ZN (NOR2_X1)                                   0.1075    15.2663 f
  U13501/ZN (OR4_X1)                                    0.7348    16.0011 f
  U13231/ZN (INV_X1)                                    0.1913    16.1925 r
  U70797/ZN (NOR2_X1)                                   0.0796    16.2721 f
  U70799/ZN (AOI211_X1)                                 0.7734    17.0455 r
  U71014/ZN (OAI22_X1)                                  0.2522    17.2977 f
  U71015/ZN (NAND2_X1)                                  0.2650    17.5627 r
  U71016/ZN (NOR2_X1)                                   0.1169    17.6796 f
  U71017/ZN (NAND2_X1)                                  0.1527    17.8323 r
  U71032/ZN (NOR2_X1)                                   0.0674    17.8997 f
  U18002/ZN (NAND2_X1)                                  0.5100    18.4097 r
  U71108/ZN (NOR2_X1)                                   0.1926    18.6023 f
  U71109/ZN (XNOR2_X1)                                  0.2826    18.8849 f
  U71110/ZN (AOI22_X1)                                  0.5771    19.4621 r
  U71548/ZN (NOR2_X1)                                   0.1285    19.5906 f
  q_state_output_sram_write_data_r_reg[111]/D (DFF_X2)
                                                        0.0000    19.5906 f
  data arrival time                                               19.5906

  clock clk (rise edge)                                20.0000    20.0000
  clock network delay (ideal)                           0.0000    20.0000
  clock uncertainty                                    -0.0500    19.9500
  q_state_output_sram_write_data_r_reg[111]/CK (DFF_X2)
                                                        0.0000    19.9500 r
  library setup time                                   -0.3586    19.5914
  data required time                                              19.5914
  --------------------------------------------------------------------------
  data required time                                              19.5914
  data arrival time                                              -19.5906
  --------------------------------------------------------------------------
  slack (MET)                                                      0.0008


1
